<?xml version="1.0" encoding="UTF-8"?>
<!-- Generated by org.testng.reporters.JUnitReportReporter -->
<testsuite skipped="0" hostname="LAPTOP-HPGRN3FM" name="com.browser.LinkeTesting" tests="1" failures="0" timestamp="15 Oct 2018 17:43:49 GMT" time="7.403" errors="0">
  <testcase name="Linketesting" time="7.403" classname="com.browser.LinkeTesting"/>
</testsuite> <!-- com.browser.LinkeTesting -->
