<?xml version="1.0" encoding="UTF-8"?>
<!-- Generated by org.testng.reporters.JUnitReportReporter -->
<testsuite skipped="1" hostname="LAPTOP-HPGRN3FM" name="com.browser.TestNG" tests="3" failures="0" timestamp="15 Jan 2019 07:17:52 GMT" time="0.005" errors="0">
  <testcase name="d" time="0.004" classname="com.browser.TestNG"/>
  <testcase name="t" time="0.001" classname="com.browser.TestNG"/>
  <testcase name="g" classname="com.browser.TestNG">
    <skipped/>
  </testcase> <!-- g -->
</testsuite> <!-- com.browser.TestNG -->
